0 info it worked if it ends with ok
1 verbose cli [ 'node', '/usr/local/bin/npm', 'start' ]
2 info using npm@2.9.1
3 info using node@v0.10.25
4 verbose node symlink /usr/bin/node
5 verbose run-script [ 'prestart', 'start', 'poststart' ]
6 info prestart node-js-getting-started@0.1.3
7 info start node-js-getting-started@0.1.3
8 verbose unsafe-perm in lifecycle true
9 info node-js-getting-started@0.1.3 Failed to exec start script
10 verbose stack Error: node-js-getting-started@0.1.3 start: `node app.js`
10 verbose stack Exit status 8
10 verbose stack     at EventEmitter.<anonymous> (/usr/local/lib/node_modules/npm/lib/utils/lifecycle.js:213:16)
10 verbose stack     at EventEmitter.emit (events.js:98:17)
10 verbose stack     at ChildProcess.<anonymous> (/usr/local/lib/node_modules/npm/lib/utils/spawn.js:24:14)
10 verbose stack     at ChildProcess.EventEmitter.emit (events.js:98:17)
10 verbose stack     at maybeClose (child_process.js:743:16)
10 verbose stack     at Process.ChildProcess._handle.onexit (child_process.js:810:5)
11 verbose pkgid node-js-getting-started@0.1.3
12 verbose cwd /home/ingenico/Git/GeepsNode2
13 error Linux 3.13.0-52-generic
14 error argv "node" "/usr/local/bin/npm" "start"
15 error node v0.10.25
16 error npm  v2.9.1
17 error code ELIFECYCLE
18 error node-js-getting-started@0.1.3 start: `node app.js`
18 error Exit status 8
19 error Failed at the node-js-getting-started@0.1.3 start script 'node app.js'.
19 error This is most likely a problem with the node-js-getting-started package,
19 error not with npm itself.
19 error Tell the author that this fails on your system:
19 error     node app.js
19 error You can get their info via:
19 error     npm owner ls node-js-getting-started
19 error There is likely additional logging output above.
20 verbose exit [ 1, true ]
